<?xml version="1.0" encoding="UTF-8"?>
<!-- Generated by org.testng.reporters.JUnitReportReporter -->
<testsuite hostname="DESKTOP-HBRB43M" failures="0" tests="4" name="mytestpackage.test.StandAlone" time="16.556" errors="0" timestamp="2023-08-05T11:29:19 IST" skipped="0">
  <testcase classname="mytestpackage.test.StandAlone" name="submitOrder" time="6.353"/>
  <system-out/>
  <testcase classname="mytestpackage.test.StandAlone" name="submitOrder" time="6.948"/>
  <system-out/>
  <testcase classname="mytestpackage.test.StandAlone" name="verifyProduct" time="1.650"/>
  <system-out/>
  <testcase classname="mytestpackage.test.StandAlone" name="verifyProduct" time="1.605"/>
  <system-out/>
</testsuite> <!-- mytestpackage.test.StandAlone -->
