<?xml version="1.0" encoding="UTF-8"?>
<!-- Generated by org.testng.reporters.JUnitReportReporter -->
<testsuite hostname="DESKTOP-HBRB43M" failures="0" tests="4" name="mytestpackage.test.StandAlone" time="23.539" errors="0" timestamp="2023-08-02T11:27:43 IST" skipped="0">
  <testcase classname="mytestpackage.test.StandAlone" name="submitOrder" time="9.111"/>
  <system-out/>
  <testcase classname="mytestpackage.test.StandAlone" name="verifyProduct" time="2.997"/>
  <system-out/>
  <testcase classname="mytestpackage.test.StandAlone" name="submitOrder" time="6.908"/>
  <system-out/>
  <testcase classname="mytestpackage.test.StandAlone" name="verifyProduct" time="4.523"/>
  <system-out/>
</testsuite> <!-- mytestpackage.test.StandAlone -->
