<?xml version="1.0" encoding="UTF-8"?>
<!-- Generated by org.testng.reporters.JUnitReportReporter -->
<testsuite hostname="DESKTOP-HBRB43M" failures="0" tests="2" name="mytestpackage.test.StandAlone" time="8.844" errors="0" timestamp="2023-07-31T12:08:47 IST" skipped="0">
  <testcase classname="mytestpackage.test.StandAlone" name="submitOrder" time="5.471"/>
  <system-out/>
  <testcase classname="mytestpackage.test.StandAlone" name="verifyProduct" time="3.373"/>
  <system-out/>
</testsuite> <!-- mytestpackage.test.StandAlone -->
