<?xml version="1.0" encoding="UTF-8"?>
<!-- Generated by org.testng.reporters.JUnitReportReporter -->
<testsuite hostname="DESKTOP-HBRB43M" failures="0" tests="4" name="mytestpackage.test.StandAlone" time="30.900" errors="0" timestamp="2023-08-03T17:17:39 IST" skipped="0">
  <testcase classname="mytestpackage.test.StandAlone" name="verifyProduct" time="8.323"/>
  <system-out/>
  <testcase classname="mytestpackage.test.StandAlone" name="submitOrder" time="7.678"/>
  <system-out/>
  <testcase classname="mytestpackage.test.StandAlone" name="submitOrder" time="10.224"/>
  <system-out/>
  <testcase classname="mytestpackage.test.StandAlone" name="verifyProduct" time="4.675"/>
  <system-out/>
</testsuite> <!-- mytestpackage.test.StandAlone -->
