<?xml version="1.0" encoding="UTF-8"?>
<!-- Generated by org.testng.reporters.JUnitReportReporter -->
<testsuite hostname="DESKTOP-HBRB43M" failures="0" tests="2" name="mytestpackage.test.ValidationErrorTest" time="6.228" errors="0" timestamp="2023-08-04T17:45:37 IST" skipped="0">
  <testcase classname="mytestpackage.test.ValidationErrorTest" name="checkLogin" time="3.388"/>
  <system-out/>
  <testcase classname="mytestpackage.test.ValidationErrorTest" name="errorMessage" time="2.840"/>
  <system-out/>
</testsuite> <!-- mytestpackage.test.ValidationErrorTest -->
