<?xml version="1.0" encoding="UTF-8"?>
<!-- Generated by org.testng.reporters.JUnitReportReporter -->
<testsuite hostname="DESKTOP-HBRB43M" failures="0" tests="4" name="mytestpackage.test.StandAlone" time="28.154" errors="0" timestamp="2023-08-03T10:02:08 IST" skipped="0">
  <testcase classname="mytestpackage.test.StandAlone" name="verifyProduct" time="4.677"/>
  <system-out/>
  <testcase classname="mytestpackage.test.StandAlone" name="submitOrder" time="11.560"/>
  <system-out/>
  <testcase classname="mytestpackage.test.StandAlone" name="submitOrder" time="7.246"/>
  <system-out/>
  <testcase classname="mytestpackage.test.StandAlone" name="verifyProduct" time="4.671"/>
  <system-out/>
</testsuite> <!-- mytestpackage.test.StandAlone -->
